     1                                  bits 32
     2                                  
     3                                  global procesare
     4                                  
     5                                  segment data use32 class=data
     6                                  
     7                                  segment code use32 class=code
     8                                  procesare:
     9 00000000 8B742404                    mov esi, [esp + 4] ; secventa
    10 00000004 B900000000                  mov ecx, 0 ; numar vocale
    11 00000009 BA00000000                  mov edx, 0 ; numar consoane
    12                                      repeta:
    13 0000000E AC                              lodsb
    14 0000000F 3C20                            cmp al, ' '
    15 00000011 7432                            je gata
    16                                          
    17 00000013 3C00                            cmp al, 0
    18 00000015 742E                            je gata
    19                                          
    20 00000017 3C61                            cmp al, 'a'
    21 00000019 7427                            je vocala
    22                                          
    23 0000001B 3C41                            cmp al, 'A'
    24 0000001D 7423                            je vocala
    25                                          
    26 0000001F 3C65                            cmp al, 'e'
    27 00000021 741F                            je vocala
    28                                          
    29 00000023 3C45                            cmp al, 'E'
    30 00000025 741B                            je vocala
    31                                          
    32 00000027 3C69                            cmp al, 'i'
    33 00000029 7417                            je vocala
    34                                          
    35 0000002B 3C49                            cmp al, 'I'
    36 0000002D 7413                            je vocala
    37                                          
    38 0000002F 3C6F                            cmp al, 'o'
    39 00000031 740F                            je vocala
    40                                          
    41 00000033 3C4F                            cmp al, 'O'
    42 00000035 740B                            je vocala
    43                                          
    44 00000037 3C75                            cmp al, 'u'
    45 00000039 7407                            je vocala
    46                                          
    47 0000003B 3C55                            cmp al, 'U'
    48 0000003D 7403                            je vocala
    49                                          
    50 0000003F 42                              inc edx
    51 00000040 EBCC                            jmp repeta
    52                                          
    53                                          vocala:
    54 00000042 41                              inc ecx
    55                                          
    56 00000043 EBC9                        jmp repeta
    57                                      gata:
    58                                      
    59 00000045 F7C101000000                test ecx, 1
    60 0000004B 750E                        jnz nu_respecta
    61                                      
    62 0000004D F7C201000000                test edx, 1
    63 00000053 7406                        jz nu_respecta
    64                                      
    65 00000055 B801000000                  mov eax, 1
    66 0000005A C3                          ret
    67                                      
    68                                      nu_respecta:
    69 0000005B B800000000                  mov eax, 0
    70 00000060 C3                          ret
