     1                                  bits 32
     2                                  
     3                                  extern exit, fopen, fclose, fscanf, printf, fclose
     4                                  
     5                                  import exit msvcrt.dll
     6                                  import fopen msvcrt.dll
     7                                  import fclose msvcrt.dll
     8                                  import fscanf msvcrt.dll
     9                                  import printf msvcrt.dll
    10                                  import fclose msvcrt.dll
    11                                  
    12                                  global start
    13                                  
    14                                  segment data use32 class=data
    15                                  
    16 00000000 696E7075742E747874-     nume_fisier db "input.txt", 0
    16 00000009 00                 
    17 0000000A 7200                    mod_acces_fisier db "r", 0
    18 0000000C <res 00000004>          descriptor resd 1
    19 00000010 257800                  format_citire db "%x", 0
    20 00000013 2578202D2025640A00      format_afisare db "%x - %d", 10, 0
    21 0000001C FFFFFFFF                valoare dd -1
    22                                  
    23                                  segment code use32 class=code
    24                                  start:
    25                                      ;fopen(nume_fisier, mod_acces)
    26 00000000 68[0A000000]                push dword mod_acces_fisier
    27 00000005 68[00000000]                push dword nume_fisier
    28 0000000A FF15[00000000]              call [fopen]
    29 00000010 83C408                      add esp, 4 * 2
    30                                      
    31 00000013 83F800                      cmp eax, 0
    32 00000016 7459                        je final
    33 00000018 A3[0C000000]                mov [descriptor], eax
    34                                      
    35                                      citire:
    36                                          ;fscanf(descriptor, format, &valoare)
    37 0000001D 68[1C000000]                    push dword valoare
    38 00000022 68[10000000]                    push dword format_citire
    39 00000027 FF35[0C000000]                  push dword [descriptor]
    40 0000002D FF15[00000000]                  call [fscanf]
    41 00000033 83C40C                          add esp, 4 * 3
    42                                          
    43 00000036 83F8FF                          cmp eax, -1
    44 00000039 7436                            je final
    45                                          
    46 0000003B A1[1C000000]                    mov eax, [valoare]
    47 00000040 BB00000000                      mov ebx, 0
    48 00000045 B920000000                      mov ecx, 32
    49                                          repeta:
    50 0000004A F705[1C000000]0100-                 test dword[valoare], 1
    50 00000052 0000               
    51 00000054 7401                                jz sari
    52 00000056 43                                  inc ebx
    53                                              sari:
    54 00000057 D12D[1C000000]                      shr dword[valoare], 1
    55 0000005D E2EB                            loop repeta
    56                                          
    57                                          ;printf(format_afisare, eax, ebx)
    58 0000005F 53                              push ebx
    59 00000060 50                              push eax
    60 00000061 68[13000000]                    push dword format_afisare
    61 00000066 FF15[00000000]                  call [printf]
    62 0000006C 83C40C                          add esp, 4 * 3
    63 0000006F EBAC                        jmp citire
    64                                      
    65                                      final:
    66                                      
    67 00000071 FF35[0C000000]              push dword [descriptor]
    68 00000077 FF15[00000000]              call [fclose]
    69                                      
    70 0000007D 6A00                        push dword 0
    71 0000007F FF15[00000000]              call [exit]
