     1                                  bits 32
     2                                  
     3                                  extern exit
     4                                  import exit msvcrt.dll
     5                                  
     6                                  global start
     7                                  
     8                                  segment data use32 class=data
     9                                  
    10 00000000 0103FEFB03F80500        s db 1, 3, -2, -5, 3, -8, 5, 0
    11                                  ls equ $ - s
    12 00000008 00<rept>                d1 times ls db 0
    13 00000010 00<rept>                d2 times ls db 0
    14                                  
    15                                  segment code use32 class=code
    16                                  start:
    17 00000000 BF08000000                  mov edi, ls
    18 00000005 BE00000000                  mov esi, 0
    19 0000000A BB00000000                  mov ebx, 0
    20 0000000F B900000000                  mov ecx, 0
    21 00000014 39F7                        cmp edi, esi
    22 00000016 741F                        je endForLoop
    23                                      forLoop:
    24 00000018 8A86[00000000]                  mov al, [s+esi]
    25 0000001E 3C00                            cmp al, 0
    26 00000020 7D09                            jge adaugarePozitiv
    27                                          adaugareNegativ:
    28 00000022 8881[10000000]                      mov [d2+ecx], al
    29 00000028 41                                  inc ecx
    30 00000029 EB07                                jmp finalAdaugare
    31                                          adaugarePozitiv:
    32 0000002B 8883[08000000]                      mov [d1+ebx], al
    33 00000031 43                                  inc ebx
    34                                          finalAdaugare:
    35 00000032 46                              inc esi
    36 00000033 39F7                            cmp edi, esi
    37 00000035 75E1                        jne forLoop
    38                                      endForLoop:
    39 00000037 6A00                        push dword 0
    40 00000039 FF15[00000000]              call [exit]
