     1                                  bits 32
     2                                  
     3                                  global start
     4                                  
     5                                  extern exit, printf
     6                                  import exit msvcrt.dll
     7                                  import printf msvcrt.dll
     8                                  
     9                                  segment data use32 class=data
    10                                  
    11 00000000 256300                  format db "%c", 0
    12                                  
    13                                  segment code use32 class=code
    14                                  start:
    15 00000000 B331                        mov bl, "1"
    16 00000002 53                          push ebx
    17 00000003 68[00000000]                push dword format
    18 00000008 FF15[00000000]              call [printf]
    19                                      
    20 0000000E 6A00                        push dword 0
    21 00000010 FF15[00000000]              call [exit]
