     1                                  bits 32
     2                                  
     3                                  global start
     4                                  
     5                                  extern exit
     6                                  import exit msvcrt.dll
     7                                  
     8                                  segment data use32 class=data
     9                                  
    10 00000000 78567F12CDABCDAB        s dd 127F5678h, 0ABCDABCDh
    11                                  ls equ ($-s) / 4
    12 00000008 00000000<rept>          d times ls dd 0
    13                                  
    14                                  segment code use32 class=code
    15                                  start:
    16 00000000 B902000000                  mov ecx, ls
    17 00000005 BE[00000000]                mov esi, s
    18 0000000A BF[08000000]                mov edi, d
    19 0000000F FC                          cld
    20                                      repeta:
    21 00000010 51                              push ecx
    22 00000011 AD                              lodsd
    23 00000012 88E7                            mov bh, ah
    24 00000014 6698                            cbw 
    25 00000016 6689C2                          mov dx, ax
    26 00000019 88F8                            mov al, bh
    27 0000001B 6698                            cbw
    28 0000001D 6689C1                          mov cx, ax
    29                                          
    30 00000020 C1E810                          shr eax, 16
    31                                          
    32 00000023 88E7                            mov bh, ah
    33 00000025 6698                            cbw 
    34 00000027 6601C2                          add dx, ax
    35 0000002A 88F8                            mov al, bh
    36 0000002C 6698                            cbw
    37 0000002E 6601C1                          add cx, ax
    38                                          
    39 00000031 6689C8                          mov ax, cx
    40 00000034 C1E010                          shl eax, 16
    41 00000037 6689D0                          mov ax, dx
    42 0000003A AB                              stosd
    43 0000003B 59                              pop ecx
    44 0000003C E2D2                        loop repeta
    45 0000003E 6A00                        push dword 0
    46 00000040 FF15[00000000]              call [exit]
