     1                                  ;[(e+f-g)+(b+c)*3]/5
     2                                  ;a, b, c, d - byte
     3                                  ;e, f, g, h - word
     4                                  bits 32
     5                                  
     6                                  global start
     7                                  
     8                                  extern exit
     9                                  import exit msvcrt.dll
    10                                  
    11                                  segment data use32 class=data
    12                                  
    13 00000000 05                      a DB 5
    14 00000001 08                      b DB 8
    15 00000002 04                      c DB 4
    16 00000003 01                      d DB 1
    17                                  
    18 00000004 0200                    e DW 2
    19 00000006 0300                    f DW 3
    20 00000008 0100                    g DW 1
    21 0000000A 0400                    h DW 4
    22                                  
    23                                  segment data use32 class=code
    24                                  start:
    25                                      
    26 0000000C B003                        mov AL, 3   ; AL <- 3
    27 0000000E 8A1D[01000000]              mov BL, [b] ; BL <- b
    28 00000014 021D[02000000]              add BL, [c] ; BL <- b + c
    29 0000001A F6E3                        mul BL      ; AX <- AL * BL = 3 * (b + c)
    30                                      
    31 0000001C 668B1D[04000000]            mov BX, [e] ; BL <- e
    32 00000023 66031D[06000000]            add BX, [f] ; BL <- e + f
    33 0000002A 662B1D[08000000]            sub BX, [g] ; BL <- e + f - g
    34                                      
    35 00000031 6601D8                      add AX, BX  ; AX <- AX + BX
    36 00000034 B305                        mov BL, 5
    37                                  
    38 00000036 F6F3                        div BL
    39                                      
    40 00000038 6A00                        push dword 0
    41 0000003A FF15[00000000]              call [exit]
