     1                                  bits 32
     2                                  
     3                                  global start
     4                                  
     5                                  extern exit, printf, scanf
     6                                  import exit msvcrt.dll
     7                                  import printf msvcrt.dll
     8                                  import scanf msvcrt.dll
     9                                  
    10                                  segment data use32 class=data
    11                                  
    12 00000000 <res 00000004>          n resd 1
    13 00000004 256400                  format_citire db "%d", 0
    14 00000007 <res 00000021>          sir resb 33
    15 00000028 257300                  format_afisare db "%s", 0
    16                                  
    17                                  segment code use32 class=code
    18                                  start:
    19                                      ;scanf(format, &n)
    20 00000000 68[00000000]                push dword n
    21 00000005 68[04000000]                push dword format_citire
    22 0000000A FF15[00000000]              call [scanf]
    23 00000010 83C408                      add esp, 4 * 2
    24                                      
    25 00000013 BF[07000000]                mov edi, sir
    26 00000018 FC                          cld
    27 00000019 B920000000                  mov ecx, 32
    28                                      repeta:
    29 0000001E D125[00000000]                  shl dword[n], 1
    30 00000024 B000                            mov al, 0
    31 00000026 1430                            adc al, '0'
    32 00000028 AA                              stosb
    33 00000029 E2F3                        loop repeta
    34                                      
    35                                      ;printf(format_afisare, sir)
    36 0000002B 68[07000000]                push dword sir
    37 00000030 68[28000000]                push dword format_afisare
    38 00000035 FF15[00000000]              call [printf]
    39 0000003B 83C408                      add esp, 4 * 2
    40                                      
    41 0000003E 6A00                        push dword 0
    42 00000040 FF15[00000000]              call [exit]
