     1                                  bits 32
     2                                  
     3                                  global start
     4                                  
     5                                  extern exit
     6                                  import exit msvcrt.dll
     7                                  
     8                                  segment data use32 class=data
     9                                  
    10 00000000 4E95                    a dw 1001010101001110b
    11 00000002 66D1                    b dw 1101000101100110b
    12 00000004 56AC                    c dw 1010110001010110b
    13 00000006 0000                    d dw 0
    14                                  ;d = 00111 + 00101 + 10101 = 7 + 5 + 21 = 33 = 21h
    15                                  
    16                                  segment code use32 class=code
    17                                  start:
    18                                      ;Se dau cuvintele A, B si C. Sa se formeze cuvantul D ca suma a numerelor reprezentate de:
    19                                      ;biţii de pe poziţiile 1-5 ai lui A
    20                                      ;biţii de pe poziţiile 6-10 ai lui B
    21                                      ;biţii de pe poziţiile 11-15 ai lui C
    22                                      
    23 00000000 A0[00000000]                mov al, [a]
    24 00000005 243E                        and al, 111110b
    25 00000007 D0E8                        shr al, 1
    26 00000009 0005[06000000]              add [d], al
    27                                      
    28 0000000F 66A1[02000000]              mov ax, [b]
    29 00000015 66C1E806                    shr ax, 6
    30 00000019 241F                        and al, 11111b
    31 0000001B 0005[06000000]              add [d], al
    32                                      
    33 00000021 A0[05000000]                mov al, [c+1]
    34 00000026 C0E803                      shr al, 3
    35 00000029 241F                        and al, 11111b
    36 0000002B 0005[06000000]              add [d], al
    37                                      
    38 00000031 6A00                        push dword 0
    39 00000033 FF15[00000000]              call [exit]
