     1                                  bits 32
     2                                  
     3                                  global start
     4                                  
     5                                  extern exit
     6                                  import exit msvcrt.dll
     7                                  
     8                                  segment data use32 class=data
     9                                  
    10 00000000 02010303040206          A db 2, 1, 3, 3, 4, 2, 6
    11                                  lsa equ $-A
    12                                  
    13 00000007 040507060201            B db 4, 5, 7, 6, 2, 1
    14                                  lsb equ $-B
    15                                  
    16 0000000D 00<rept>                R times lsa + lsb db 0
    17                                  ;R: 1, 2, 6, 7, 5, 4, 1, 3, 3
    18                                  
    19                                  segment code use32 class=code
    20                                  start:
    21 00000000 BA00000000                  mov edx, 0
    22 00000005 B906000000                  mov ecx, lsb
    23 0000000A E30F                        jecxz sari
    24                                      repeta:
    25 0000000C 8A81[06000000]                  mov al, [B + ecx - 1]
    26 00000012 8882[0D000000]                  mov [R + edx], al
    27 00000018 42                              inc edx
    28 00000019 E2F1                        loop repeta
    29                                      sari:
    30 0000001B B900000000                  mov ecx, 0
    31 00000020 83F907                      cmp ecx, lsa
    32 00000023 7D17                        jge final
    33                                      repeta2:
    34 00000025 8A81[00000000]                  mov al, [A + ecx]
    35 0000002B A801                            test al, 1b
    36 0000002D 7407                            jz continua
    37 0000002F 8882[0D000000]                  mov [R + edx], al
    38 00000035 42                              inc edx
    39                                          continua:
    40 00000036 41                              inc ecx
    41 00000037 83F907                          cmp ecx, lsa
    42 0000003A 7CE9                        jl repeta2
    43                                      final:
    44 0000003C 6A00                        push dword 0
    45 0000003E FF15[00000000]              call [exit]
